[==========] Running 62 tests from 12 test suites.
[----------] Global test environment set-up.
[----------] 12 tests from TimeTest
[ RUN      ] TimeTest.DefaultConstructor
[       OK ] TimeTest.DefaultConstructor (0 ms)
[ RUN      ] TimeTest.ParameterizedConstructor
[       OK ] TimeTest.ParameterizedConstructor (0 ms)
[ RUN      ] TimeTest.StringConstructor
[       OK ] TimeTest.StringConstructor (0 ms)
[ RUN      ] TimeTest.CopyConstructor
[       OK ] TimeTest.CopyConstructor (0 ms)
[ RUN      ] TimeTest.AssignmentOperator
[       OK ] TimeTest.AssignmentOperator (0 ms)
[ RUN      ] TimeTest.ComparisonOperators
[       OK ] TimeTest.ComparisonOperators (0 ms)
[ RUN      ] TimeTest.EqualityOperator
[       OK ] TimeTest.EqualityOperator (0 ms)
[ RUN      ] TimeTest.IsSameHour
[       OK ] TimeTest.IsSameHour (0 ms)
[ RUN      ] TimeTest.addDays
[       OK ] TimeTest.addDays (0 ms)
[ RUN      ] TimeTest.ZeroOutHour
[       OK ] TimeTest.ZeroOutHour (0 ms)
[ RUN      ] TimeTest.OutputOperator
[       OK ] TimeTest.OutputOperator (0 ms)
[ RUN      ] TimeTest.Destructor
[       OK ] TimeTest.Destructor (0 ms)
[----------] 12 tests from TimeTest (5 ms total)

[----------] 9 tests from ServiceTest
[ RUN      ] ServiceTest.DistanceTest
[       OK ] ServiceTest.DistanceTest (17 ms)
[ RUN      ] ServiceTest.IsInZoneTest
[       OK ] ServiceTest.IsInZoneTest (18 ms)
[ RUN      ] ServiceTest.FilterMeasurementsTest
[       OK ] ServiceTest.FilterMeasurementsTest (16 ms)
[ RUN      ] ServiceTest.CalculateQualityWithMeasurementParameterTest
[       OK ] ServiceTest.CalculateQualityWithMeasurementParameterTest (16 ms)
[ RUN      ] ServiceTest.CalculateQualityWithZoneAndTimeRangeTest
[       OK ] ServiceTest.CalculateQualityWithZoneAndTimeRangeTest (28 ms)
[ RUN      ] ServiceTest.SortSensorsTestFromManualData
[       OK ] ServiceTest.SortSensorsTestFromManualData (16 ms)
[ RUN      ] ServiceTest.SortSensorsTestFromCSVTestData
[       OK ] ServiceTest.SortSensorsTestFromCSVTestData (15 ms)
[ RUN      ] ServiceTest.CalculateImpactRadius
14
0
0
0
1
0
0
0
0
Cleaner ID: 0 Coord: 44, 1.3
before start: 2019-01-01 11:00:00 start: 2019-01-02 11:00:00
before end: 2019-01-04 11:00:00 end: 2019-01-05 11:00:00
Measurements: 0
beforeMeasurements: 0
afterMeasurements: 0
Quality before cleaner: 0
Quality after cleaner: 0
Distance: 15.9974
tests/ServiceTest.cpp:190: Failure
Expected: (service.calculateImpactRadius(0)) > (0.0), actual: 0 vs 0
Cleaner ID: 2 Coord: 44, 3.66667
before start: 2024-02-00 12:00:00 start: 2024-02-01 12:00:00
before end: 2024-03-00 00:00:00 end: 2024-03-01 00:00:00
Measurements: 0
beforeMeasurements: 0
afterMeasurements: 0
Quality before cleaner: 0
Quality after cleaner: 0
Distance: 18.6636
[  FAILED  ] ServiceTest.CalculateImpactRadius (22 ms)
[ RUN      ] ServiceTest.ChercherZonesTest
[       OK ] ServiceTest.ChercherZonesTest (16 ms)
[----------] 9 tests from ServiceTest (165 ms total)

[----------] 8 tests from PrivateUserTest
[ RUN      ] PrivateUserTest.DefaultConstructor
[       OK ] PrivateUserTest.DefaultConstructor (0 ms)
[ RUN      ] PrivateUserTest.ConstructorWithStringWithOneSensor
[       OK ] PrivateUserTest.ConstructorWithStringWithOneSensor (0 ms)
[ RUN      ] PrivateUserTest.ConstructorWithStringWithMultipleSensors
[       OK ] PrivateUserTest.ConstructorWithStringWithMultipleSensors (0 ms)
[ RUN      ] PrivateUserTest.ConstructorWithStringWithInvalidUserFormat
[       OK ] PrivateUserTest.ConstructorWithStringWithInvalidUserFormat (0 ms)
[ RUN      ] PrivateUserTest.CopyConstructor
[       OK ] PrivateUserTest.CopyConstructor (0 ms)
[ RUN      ] PrivateUserTest.AssignmentOperator
[       OK ] PrivateUserTest.AssignmentOperator (0 ms)
[ RUN      ] PrivateUserTest.SetBlacklisted
[       OK ] PrivateUserTest.SetBlacklisted (0 ms)
[ RUN      ] PrivateUserTest.AddPoints
[       OK ] PrivateUserTest.AddPoints (0 ms)
[----------] 8 tests from PrivateUserTest (3 ms total)

[----------] 4 tests from SystemTest
[ RUN      ] SystemTest.GetMeasurements
[       OK ] SystemTest.GetMeasurements (15 ms)
[ RUN      ] SystemTest.GetCleaners
[       OK ] SystemTest.GetCleaners (16 ms)
[ RUN      ] SystemTest.GetSensors
[       OK ] SystemTest.GetSensors (17 ms)
[ RUN      ] SystemTest.GetUsers
[       OK ] SystemTest.GetUsers (15 ms)
[----------] 4 tests from SystemTest (63 ms total)

[----------] 5 tests from ProviderTest
[ RUN      ] ProviderTest.DefaultConstructor
[       OK ] ProviderTest.DefaultConstructor (0 ms)
[ RUN      ] ProviderTest.ParameterizedConstructor
[       OK ] ProviderTest.ParameterizedConstructor (0 ms)
[ RUN      ] ProviderTest.CopyConstructor
[       OK ] ProviderTest.CopyConstructor (0 ms)
[ RUN      ] ProviderTest.StringConstructorWithOneCleaner
[       OK ] ProviderTest.StringConstructorWithOneCleaner (0 ms)
[ RUN      ] ProviderTest.StringConstructorWithMultipleCleaners
[       OK ] ProviderTest.StringConstructorWithMultipleCleaners (0 ms)
[----------] 5 tests from ProviderTest (1 ms total)

[----------] 1 test from CleanerTest
[ RUN      ] CleanerTest.ConstructorTest
[       OK ] CleanerTest.ConstructorTest (0 ms)
[----------] 1 test from CleanerTest (0 ms total)

[----------] 3 tests from UserTest
[ RUN      ] UserTest.ConstructorWithRole
[       OK ] UserTest.ConstructorWithRole (0 ms)
[ RUN      ] UserTest.CopyConstructor
[       OK ] UserTest.CopyConstructor (0 ms)
[ RUN      ] UserTest.OperatorOverload
[       OK ] UserTest.OperatorOverload (0 ms)
[----------] 3 tests from UserTest (1 ms total)

[----------] 8 tests from SensorTest
[ RUN      ] SensorTest.DefaultConstructor
[       OK ] SensorTest.DefaultConstructor (0 ms)
[ RUN      ] SensorTest.ParameterizedConstructor
[       OK ] SensorTest.ParameterizedConstructor (0 ms)
[ RUN      ] SensorTest.StringConstructor
[       OK ] SensorTest.StringConstructor (0 ms)
[ RUN      ] SensorTest.AddMeasurement
[       OK ] SensorTest.AddMeasurement (0 ms)
[ RUN      ] SensorTest.AddMeasurementInvalidSensorID
[       OK ] SensorTest.AddMeasurementInvalidSensorID (0 ms)
[ RUN      ] SensorTest.CopyConstructor
[       OK ] SensorTest.CopyConstructor (0 ms)
[ RUN      ] SensorTest.AssignmentOperator
[       OK ] SensorTest.AssignmentOperator (0 ms)
[ RUN      ] SensorTest.OutputStreamOperator
[       OK ] SensorTest.OutputStreamOperator (0 ms)
[----------] 8 tests from SensorTest (2 ms total)

[----------] 5 tests from MeasurementTest
[ RUN      ] MeasurementTest.ParameterizedConstructorTest
[       OK ] MeasurementTest.ParameterizedConstructorTest (0 ms)
[ RUN      ] MeasurementTest.CopyConstructorTest
[       OK ] MeasurementTest.CopyConstructorTest (0 ms)
[ RUN      ] MeasurementTest.StringConstructorTest
[       OK ] MeasurementTest.StringConstructorTest (0 ms)
[ RUN      ] MeasurementTest.StringConstructorNegativeValueTest
[       OK ] MeasurementTest.StringConstructorNegativeValueTest (0 ms)
[ RUN      ] MeasurementTest.OutputOperatorTest
Measurement ID: 1 , Timestamp: 2024-05-31 12:30:45 , Sensor ID: 100 , Attribute ID: 1 , Value: 42 , Blacklisted: No
[       OK ] MeasurementTest.OutputOperatorTest (1 ms)
[----------] 5 tests from MeasurementTest (2 ms total)

[----------] 2 tests from CoordTest
[ RUN      ] CoordTest.DefaultConstructorTest
[       OK ] CoordTest.DefaultConstructorTest (0 ms)
[ RUN      ] CoordTest.ParameterizedConstructorTest
[       OK ] CoordTest.ParameterizedConstructorTest (0 ms)
[----------] 2 tests from CoordTest (0 ms total)

[----------] 4 tests from ZoneTest
[ RUN      ] ZoneTest.DefaultConstructor
[       OK ] ZoneTest.DefaultConstructor (0 ms)
[ RUN      ] ZoneTest.ConstructorWithLatLongRad
[       OK ] ZoneTest.ConstructorWithLatLongRad (0 ms)
[ RUN      ] ZoneTest.ConstructorWithCoordAndRad
[       OK ] ZoneTest.ConstructorWithCoordAndRad (0 ms)
[ RUN      ] ZoneTest.CopyConstructor
[       OK ] ZoneTest.CopyConstructor (0 ms)
[----------] 4 tests from ZoneTest (1 ms total)

[----------] 1 test from GovernmentAgentTest
[ RUN      ] GovernmentAgentTest.ConstructorTest
[       OK ] GovernmentAgentTest.ConstructorTest (0 ms)
[----------] 1 test from GovernmentAgentTest (0 ms total)

[----------] Global test environment tear-down
[==========] 62 tests from 12 test suites ran. (245 ms total)
[  PASSED  ] 61 tests.
[  FAILED  ] 1 test, listed below:
[  FAILED  ] ServiceTest.CalculateImpactRadius

 1 FAILED TEST
